This is pdfTeX, Version 3.14159265-2.6-1.40.17 (MiKTeX 2.9 64-bit) (preloaded format=pdflatex 2016.6.12)  16 JUN 2016 15:35
entering extended mode
**C:/arpan/Thesis/report/report/thesis.tex
(C:/arpan/Thesis/report/report/thesis.tex
LaTeX2e <2016/03/31>
Babel <3.9r> and hyphenation patterns for 75 language(s) loaded.

("C:\Users\310225961\AppData\Local\Programs\MiKTeX 2.9\tex\latex\base\report.cl
s"
Document Class: report 2014/09/29 v1.4h Standard LaTeX document class

("C:\Users\310225961\AppData\Local\Programs\MiKTeX 2.9\tex\latex\base\size11.cl
o"
File: size11.clo 2014/09/29 v1.4h Standard LaTeX file (size option)
)
\c@part=\count79
\c@chapter=\count80
\c@section=\count81
\c@subsection=\count82
\c@subsubsection=\count83
\c@paragraph=\count84
\c@subparagraph=\count85
\c@figure=\count86
\c@table=\count87
\abovecaptionskip=\skip41
\belowcaptionskip=\skip42
\bibindent=\dimen102
)
("C:\Users\310225961\AppData\Local\Programs\MiKTeX 2.9\tex\latex\amsmath\amsmat
h.sty"
Package: amsmath 2016/03/10 v2.15b AMS math features
\@mathmargin=\skip43

For additional information on amsmath, use the `?' option.

("C:\Users\310225961\AppData\Local\Programs\MiKTeX 2.9\tex\latex\amsmath\amstex
t.sty"
Package: amstext 2000/06/29 v2.01 AMS text

("C:\Users\310225961\AppData\Local\Programs\MiKTeX 2.9\tex\latex\amsmath\amsgen
.sty"
File: amsgen.sty 1999/11/30 v2.0 generic functions
\@emptytoks=\toks14
\ex@=\dimen103
))
("C:\Users\310225961\AppData\Local\Programs\MiKTeX 2.9\tex\latex\amsmath\amsbsy
.sty"
Package: amsbsy 1999/11/29 v1.2d Bold Symbols
\pmbraise@=\dimen104
)
("C:\Users\310225961\AppData\Local\Programs\MiKTeX 2.9\tex\latex\amsmath\amsopn
.sty"
Package: amsopn 2016/03/08 v2.02 operator names
)
\inf@bad=\count88
LaTeX Info: Redefining \frac on input line 199.
\uproot@=\count89
\leftroot@=\count90
LaTeX Info: Redefining \overline on input line 297.
\classnum@=\count91
\DOTSCASE@=\count92
LaTeX Info: Redefining \ldots on input line 394.
LaTeX Info: Redefining \dots on input line 397.
LaTeX Info: Redefining \cdots on input line 518.
\Mathstrutbox@=\box26
\strutbox@=\box27
\big@size=\dimen105
LaTeX Font Info:    Redeclaring font encoding OML on input line 634.
LaTeX Font Info:    Redeclaring font encoding OMS on input line 635.
\macc@depth=\count93
\c@MaxMatrixCols=\count94
\dotsspace@=\muskip10
\c@parentequation=\count95
\dspbrk@lvl=\count96
\tag@help=\toks15
\row@=\count97
\column@=\count98
\maxfields@=\count99
\andhelp@=\toks16
\eqnshift@=\dimen106
\alignsep@=\dimen107
\tagshift@=\dimen108
\tagwidth@=\dimen109
\totwidth@=\dimen110
\lineht@=\dimen111
\@envbody=\toks17
\multlinegap=\skip44
\multlinetaggap=\skip45
\mathdisplay@stack=\toks18
LaTeX Info: Redefining \[ on input line 2739.
LaTeX Info: Redefining \] on input line 2740.
)
("C:\Users\310225961\AppData\Local\Programs\MiKTeX 2.9\tex\latex\amsfonts\amssy
mb.sty"
Package: amssymb 2013/01/14 v3.01 AMS font symbols

("C:\Users\310225961\AppData\Local\Programs\MiKTeX 2.9\tex\latex\amsfonts\amsfo
nts.sty"
Package: amsfonts 2013/01/14 v3.01 Basic AMSFonts support
\symAMSa=\mathgroup4
\symAMSb=\mathgroup5
LaTeX Font Info:    Overwriting math alphabet `\mathfrak' in version `bold'
(Font)                  U/euf/m/n --> U/euf/b/n on input line 106.
))
("C:\Users\310225961\AppData\Local\Programs\MiKTeX 2.9\tex\latex\textpos\textpo
s.sty"
Package: textpos 2014/01/03 v1.7j

Package: textpos 2014/01/03 1.7j, absolute positioning of text on the page

("C:\Users\310225961\AppData\Local\Programs\MiKTeX 2.9\tex\latex\ms\everyshi.st
y"
Package: everyshi 2001/05/15 v3.00 EveryShipout Package (MS)
)
\TP@textbox=\box28
\TP@holdbox=\box29
\TPHorizModule=\dimen112
\TPVertModule=\dimen113
\TP@margin=\dimen114
\TP@absmargin=\dimen115

Grid set 16 x 16 = 37.34424pt x 52.81541pt
\TPboxrulesize=\dimen116
\TP@ox=\dimen117
\TP@oy=\dimen118
\TP@tbargs=\toks19
\TP@prevdepth=\dimen119
TextBlockOrigin set to 0pt x 0pt
)
("C:\Users\310225961\AppData\Local\Programs\MiKTeX 2.9\tex\generic\babel\babel.
sty"
Package: babel 2016/04/23 3.9r The Babel package

*************************************
* Local config file bblopts.cfg used
*

("C:\Users\310225961\AppData\Local\Programs\MiKTeX 2.9\tex\latex\arabi\bblopts.
cfg"
File: bblopts.cfg 2005/09/08 v0.1 add Arabic and Farsi to "declared" options of
 babel
)
("C:\Users\310225961\AppData\Local\Programs\MiKTeX 2.9\tex\latex\babel-english\
english.ldf"
Language: english 2012/08/20 v3.3p English support from the babel system

("C:\Users\310225961\AppData\Local\Programs\MiKTeX 2.9\tex\generic\babel\babel.
def"
File: babel.def 2016/04/23 3.9r Babel common definitions
\babel@savecnt=\count100
\U@D=\dimen120
)
\l@canadian = a dialect from \language\l@american 
\l@australian = a dialect from \language\l@british 
\l@newzealand = a dialect from \language\l@british 
))
("C:\Users\310225961\AppData\Local\Programs\MiKTeX 2.9\tex\latex\natbib\natbib.
sty"
Package: natbib 2010/09/13 8.31b (PWD, AO)
\bibhang=\skip46
\bibsep=\skip47
LaTeX Info: Redefining \cite on input line 694.
\c@NAT@ctr=\count101
)
("C:\Users\310225961\AppData\Local\Programs\MiKTeX 2.9\tex\latex\graphics\graph
icx.sty"
Package: graphicx 2014/10/28 v1.0g Enhanced LaTeX Graphics (DPC,SPQR)

("C:\Users\310225961\AppData\Local\Programs\MiKTeX 2.9\tex\latex\graphics\keyva
l.sty"
Package: keyval 2014/10/28 v1.15 key=value parser (DPC)
\KV@toks@=\toks20
)
("C:\Users\310225961\AppData\Local\Programs\MiKTeX 2.9\tex\latex\graphics\graph
ics.sty"
Package: graphics 2016/05/09 v1.0r Standard LaTeX Graphics (DPC,SPQR)

("C:\Users\310225961\AppData\Local\Programs\MiKTeX 2.9\tex\latex\graphics\trig.
sty"
Package: trig 2016/01/03 v1.10 sin cos tan (DPC)
)
("C:\Users\310225961\AppData\Local\Programs\MiKTeX 2.9\tex\latex\00miktex\graph
ics.cfg"
File: graphics.cfg 2016/01/02 v1.10 sample graphics configuration
)
Package graphics Info: Driver file: pdftex.def on input line 96.

("C:\Users\310225961\AppData\Local\Programs\MiKTeX 2.9\tex\latex\pdftex-def\pdf
tex.def"
File: pdftex.def 2011/05/27 v0.06d Graphics/color for pdfTeX

("C:\Users\310225961\AppData\Local\Programs\MiKTeX 2.9\tex\generic\oberdiek\inf
warerr.sty"
Package: infwarerr 2016/05/16 v1.4 Providing info/warning/error messages (HO)
)
("C:\Users\310225961\AppData\Local\Programs\MiKTeX 2.9\tex\generic\oberdiek\ltx
cmds.sty"
Package: ltxcmds 2016/05/16 v1.23 LaTeX kernel commands for general use (HO)
)
\Gread@gobject=\count102
))
\Gin@req@height=\dimen121
\Gin@req@width=\dimen122
)
("C:\Users\310225961\AppData\Local\Programs\MiKTeX 2.9\tex\latex\oberdiek\epsto
pdf.sty"
Package: epstopdf 2016/05/15 v2.6 Conversion with epstopdf on the fly (HO)

("C:\Users\310225961\AppData\Local\Programs\MiKTeX 2.9\tex\latex\oberdiek\epsto
pdf-base.sty"
Package: epstopdf-base 2016/05/15 v2.6 Base part for package epstopdf

("C:\Users\310225961\AppData\Local\Programs\MiKTeX 2.9\tex\latex\oberdiek\grfex
t.sty"
Package: grfext 2016/05/16 v1.2 Manage graphics extensions (HO)

("C:\Users\310225961\AppData\Local\Programs\MiKTeX 2.9\tex\generic\oberdiek\kvd
efinekeys.sty"
Package: kvdefinekeys 2016/05/16 v1.4 Define keys (HO)
))
("C:\Users\310225961\AppData\Local\Programs\MiKTeX 2.9\tex\latex\oberdiek\kvopt
ions.sty"
Package: kvoptions 2016/05/16 v3.12 Key value format for package options (HO)

("C:\Users\310225961\AppData\Local\Programs\MiKTeX 2.9\tex\generic\oberdiek\kvs
etkeys.sty"
Package: kvsetkeys 2016/05/16 v1.17 Key value parser (HO)

("C:\Users\310225961\AppData\Local\Programs\MiKTeX 2.9\tex\generic\oberdiek\ete
xcmds.sty"
Package: etexcmds 2016/05/16 v1.6 Avoid name clashes with e-TeX commands (HO)

("C:\Users\310225961\AppData\Local\Programs\MiKTeX 2.9\tex\generic\oberdiek\ifl
uatex.sty"
Package: ifluatex 2016/05/16 v1.4 Provides the ifluatex switch (HO)
Package ifluatex Info: LuaTeX not detected.
)
Package etexcmds Info: Could not find \expanded.
(etexcmds)             That can mean that you are not using pdfTeX 1.50 or
(etexcmds)             that some package has redefined \expanded.
(etexcmds)             In the latter case, load this package earlier.
)))
("C:\Users\310225961\AppData\Local\Programs\MiKTeX 2.9\tex\generic\oberdiek\pdf
texcmds.sty"
Package: pdftexcmds 2016/05/21 v0.22 Utility functions of pdfTeX for LuaTeX (HO
)

("C:\Users\310225961\AppData\Local\Programs\MiKTeX 2.9\tex\generic\oberdiek\ifp
df.sty"
Package: ifpdf 2016/05/14 v3.1 Provides the ifpdf switch
)
Package pdftexcmds Info: LuaTeX not detected.
Package pdftexcmds Info: \pdf@primitive is available.
Package pdftexcmds Info: \pdf@ifprimitive is available.
Package pdftexcmds Info: \pdfdraftmode found.
)
Package grfext Info: Graphics extension search list:
(grfext)             [.png,.pdf,.jpg,.mps,.jpeg,.jbig2,.jb2,.PNG,.PDF,.JPG,.JPE
G,.JBIG2,.JB2,.eps]
(grfext)             \AppendGraphicsExtensions on input line 456.
))
("C:\Users\310225961\AppData\Local\Programs\MiKTeX 2.9\tex\latex\rotating\rotat
ing.sty"
Package: rotating 2009/03/28 v2.16a rotated objects in LaTeX

("C:\Users\310225961\AppData\Local\Programs\MiKTeX 2.9\tex\latex\base\ifthen.st
y"
Package: ifthen 2014/09/29 v1.1c Standard LaTeX ifthen package (DPC)
)
\c@r@tfl@t=\count103
\rotFPtop=\skip48
\rotFPbot=\skip49
\rot@float@box=\box30
\rot@mess@toks=\toks21
)
("C:\Users\310225961\AppData\Local\Programs\MiKTeX 2.9\tex\latex\subfigure\subf
igure.sty"
Package: subfigure 2002/07/30 v2.1.4 subfigure package
\subfigtopskip=\skip50
\subfigcapskip=\skip51
\subfigcaptopadj=\dimen123
\subfigbottomskip=\skip52
\subfigcapmargin=\dimen124
\subfiglabelskip=\skip53
\c@subfigure=\count104
\c@lofdepth=\count105
\c@subtable=\count106
\c@lotdepth=\count107

****************************************
* Local config file subfigure.cfg used *
****************************************

("C:\Users\310225961\AppData\Local\Programs\MiKTeX 2.9\tex\latex\subfigure\subf
igure.cfg")
\subfig@top=\skip54
\subfig@bottom=\skip55
)
("C:\Users\310225961\AppData\Local\Programs\MiKTeX 2.9\tex\latex\psnfss\helvet.
sty"
Package: helvet 2005/04/12 PSNFSS-v9.2a (WaS) 
)
("C:\Users\310225961\AppData\Local\Programs\MiKTeX 2.9\tex\latex\url\url.sty"
\Urlmuskip=\muskip11
Package: url 2013/09/16  ver 3.4  Verb mode for urls, etc.
)
("C:\Users\310225961\AppData\Local\Programs\MiKTeX 2.9\tex\latex\hyperref\hyper
ref.sty"
Package: hyperref 2016/05/21 v6.83p Hypertext links for LaTeX

("C:\Users\310225961\AppData\Local\Programs\MiKTeX 2.9\tex\generic\oberdiek\hob
sub-hyperref.sty"
Package: hobsub-hyperref 2016/05/16 v1.14 Bundle oberdiek, subset hyperref (HO)


("C:\Users\310225961\AppData\Local\Programs\MiKTeX 2.9\tex\generic\oberdiek\hob
sub-generic.sty"
Package: hobsub-generic 2016/05/16 v1.14 Bundle oberdiek, subset generic (HO)
Package: hobsub 2016/05/16 v1.14 Construct package bundles (HO)
Package hobsub Info: Skipping package `infwarerr' (already loaded).
Package hobsub Info: Skipping package `ltxcmds' (already loaded).
Package hobsub Info: Skipping package `ifluatex' (already loaded).
Package: ifvtex 2016/05/16 v1.6 Detect VTeX and its facilities (HO)
Package ifvtex Info: VTeX not detected.
Package: intcalc 2016/05/16 v1.2 Expandable calculations with integers (HO)
Package hobsub Info: Skipping package `ifpdf' (already loaded).
Package hobsub Info: Skipping package `etexcmds' (already loaded).
Package hobsub Info: Skipping package `kvsetkeys' (already loaded).
Package hobsub Info: Skipping package `kvdefinekeys' (already loaded).
Package hobsub Info: Skipping package `pdftexcmds' (already loaded).
Package: pdfescape 2016/05/16 v1.14 Implements pdfTeX's escape features (HO)
Package: bigintcalc 2016/05/16 v1.4 Expandable calculations on big integers (HO
)
Package: bitset 2016/05/16 v1.2 Handle bit-vector datatype (HO)
Package: uniquecounter 2016/05/16 v1.3 Provide unlimited unique counter (HO)
)
Package hobsub Info: Skipping package `hobsub' (already loaded).
Package: letltxmacro 2016/05/16 v1.5 Let assignment for LaTeX macros (HO)
Package: hopatch 2016/05/16 v1.3 Wrapper for package hooks (HO)
Package: xcolor-patch 2016/05/16 xcolor patch
Package: atveryend 2016/05/16 v1.9 Hooks at the very end of document (HO)
Package atveryend Info: \enddocument detected (standard20110627).
Package: atbegshi 2016/05/16 v1.17 At begin shipout hook (HO)
Package: refcount 2016/05/16 v3.5 Data extraction from label references (HO)
Package: hycolor 2016/05/16 v1.8 Color options for hyperref/bookmark (HO)
)
("C:\Users\310225961\AppData\Local\Programs\MiKTeX 2.9\tex\generic\ifxetex\ifxe
tex.sty"
Package: ifxetex 2010/09/12 v0.6 Provides ifxetex conditional
)
("C:\Users\310225961\AppData\Local\Programs\MiKTeX 2.9\tex\latex\oberdiek\auxho
ok.sty"
Package: auxhook 2016/05/16 v1.4 Hooks for auxiliary files (HO)
)
\@linkdim=\dimen125
\Hy@linkcounter=\count108
\Hy@pagecounter=\count109

("C:\Users\310225961\AppData\Local\Programs\MiKTeX 2.9\tex\latex\hyperref\pd1en
c.def"
File: pd1enc.def 2016/05/21 v6.83p Hyperref: PDFDocEncoding definition (HO)
)
\Hy@SavedSpaceFactor=\count110

("C:\Users\310225961\AppData\Local\Programs\MiKTeX 2.9\tex\latex\00miktex\hyper
ref.cfg"
File: hyperref.cfg 2002/06/06 v1.2 hyperref configuration of TeXLive
)
Package hyperref Info: Hyper figures OFF on input line 4486.
Package hyperref Info: Link nesting OFF on input line 4491.
Package hyperref Info: Hyper index ON on input line 4494.
Package hyperref Info: Plain pages OFF on input line 4501.
Package hyperref Info: Backreferencing OFF on input line 4506.
Package hyperref Info: Implicit mode ON; LaTeX internals redefined.
Package hyperref Info: Bookmarks ON on input line 4735.
\c@Hy@tempcnt=\count111
LaTeX Info: Redefining \url on input line 5088.
\XeTeXLinkMargin=\dimen126
\Fld@menulength=\count112
\Field@Width=\dimen127
\Fld@charsize=\dimen128
Package hyperref Info: Hyper figures OFF on input line 6342.
Package hyperref Info: Link nesting OFF on input line 6347.
Package hyperref Info: Hyper index ON on input line 6350.
Package hyperref Info: backreferencing OFF on input line 6357.
Package hyperref Info: Link coloring OFF on input line 6362.
Package hyperref Info: Link coloring with OCG OFF on input line 6367.
Package hyperref Info: PDF/A mode OFF on input line 6372.
LaTeX Info: Redefining \ref on input line 6412.
LaTeX Info: Redefining \pageref on input line 6416.
\Hy@abspage=\count113
\c@Item=\count114
\c@Hfootnote=\count115
)

Package hyperref Message: Driver (autodetected): hpdftex.


("C:\Users\310225961\AppData\Local\Programs\MiKTeX 2.9\tex\latex\hyperref\hpdft
ex.def"
File: hpdftex.def 2016/05/21 v6.83p Hyperref driver for pdfTeX
\Fld@listcount=\count116
\c@bookmark@seq@number=\count117

("C:\Users\310225961\AppData\Local\Programs\MiKTeX 2.9\tex\latex\oberdiek\rerun
filecheck.sty"
Package: rerunfilecheck 2016/05/16 v1.8 Rerun checks for auxiliary files (HO)
Package uniquecounter Info: New unique counter `rerunfilecheck' on input line 2
82.
)
\Hy@SectionHShift=\skip56
)
! Undefined control sequence.
<recently read> \definecolor 
                             
l.32 \definecolor
                 {tudelft-cyan}{cmyk}{1,0,0,0}
? 

! LaTeX Error: Missing \begin{document}.

See the LaTeX manual or LaTeX Companion for explanation.
Type  H <return>  for immediate help.
 ...                                              
                                                  
l.32 \definecolor{t
                   udelft-cyan}{cmyk}{1,0,0,0}
? 
Package hyperref Info: Option `colorlinks' set `true' on input line 38.
(C:/arpan/Thesis/report/report\thesis.aux
(C:/arpan/Thesis/report/report\frontcover.aux)
(C:/arpan/Thesis/report/report\titlepage.aux)
(C:/arpan\Thesis\report\report\template\graduationdata.aux)
(C:/arpan\Thesis\report\report\chapters\preface.aux)
(C:/arpan\Thesis\report\report\chapters\introduction.aux)
(C:/arpan\Thesis\report\report\chapters\conclusionsandfuturework.aux))
\openout1 = `thesis.aux'.

LaTeX Font Info:    Checking defaults for OML/cmm/m/it on input line 65.
LaTeX Font Info:    ... okay on input line 65.
LaTeX Font Info:    Checking defaults for T1/cmr/m/n on input line 65.
LaTeX Font Info:    ... okay on input line 65.
LaTeX Font Info:    Checking defaults for OT1/cmr/m/n on input line 65.
LaTeX Font Info:    ... okay on input line 65.
LaTeX Font Info:    Checking defaults for OMS/cmsy/m/n on input line 65.
LaTeX Font Info:    ... okay on input line 65.
LaTeX Font Info:    Checking defaults for OMX/cmex/m/n on input line 65.
LaTeX Font Info:    ... okay on input line 65.
LaTeX Font Info:    Checking defaults for U/cmr/m/n on input line 65.
LaTeX Font Info:    ... okay on input line 65.
LaTeX Font Info:    Checking defaults for PD1/pdf/m/n on input line 65.
LaTeX Font Info:    ... okay on input line 65.

ABD: EveryShipout initializing macros
("C:\Users\310225961\AppData\Local\Programs\MiKTeX 2.9\tex\context\base\supp-pd
f.mkii"
[Loading MPS to PDF converter (version 2006.09.02).]
\scratchcounter=\count118
\scratchdimen=\dimen129
\scratchbox=\box31
\nofMPsegments=\count119
\nofMParguments=\count120
\everyMPshowfont=\toks22
\MPscratchCnt=\count121
\MPscratchDim=\dimen130
\MPnumerator=\count122
\makeMPintoPDFobject=\count123
\everyMPtoPDFconversion=\toks23
)
\AtBeginShipoutBox=\box32

("C:\Users\310225961\AppData\Local\Programs\MiKTeX 2.9\tex\latex\graphics\color
.sty"
Package: color 2016/05/09 v1.1c Standard LaTeX Color (DPC)

("C:\Users\310225961\AppData\Local\Programs\MiKTeX 2.9\tex\latex\00miktex\color
.cfg"
File: color.cfg 2016/01/02 v1.6 sample color configuration
)
Package color Info: Driver file: pdftex.def on input line 144.
)
Package hyperref Info: Link coloring ON on input line 65.

("C:\Users\310225961\AppData\Local\Programs\MiKTeX 2.9\tex\latex\hyperref\namer
ef.sty"
Package: nameref 2016/05/21 v2.44 Cross-referencing by name of section

("C:\Users\310225961\AppData\Local\Programs\MiKTeX 2.9\tex\generic\oberdiek\get
titlestring.sty"
Package: gettitlestring 2016/05/16 v1.5 Cleanup title references (HO)
)
\c@section@level=\count124
)
LaTeX Info: Redefining \ref on input line 65.
LaTeX Info: Redefining \pageref on input line 65.
LaTeX Info: Redefining \nameref on input line 65.
\@outlinefile=\write3
\openout3 = `thesis.out'.

 [1

{C:/Users/310225961/AppData/Local/MiKTeX/2.9/pdftex/config/pdftex.map}]
\openout2 = `frontcover.aux'.


No file frontcover.tex.
[2



]
\openout2 = `titlepage.aux'.


No file titlepage.tex.
\openout2 = `./template/graduationdata.aux'.

(C:/arpan\Thesis\report\report\template\graduationdata.tex
LaTeX Font Info:    Try loading font information for U+msa on input line 5.

("C:\Users\310225961\AppData\Local\Programs\MiKTeX 2.9\tex\latex\amsfonts\umsa.
fd"
File: umsa.fd 2013/01/14 v3.01 AMS symbols A
)
LaTeX Font Info:    Try loading font information for U+msb on input line 5.

("C:\Users\310225961\AppData\Local\Programs\MiKTeX 2.9\tex\latex\amsfonts\umsb.
fd"
File: umsb.fd 2013/01/14 v3.01 AMS symbols B
) [1



] [3]) [4



]
\openout2 = `./chapters/preface.aux'.

 (C:/arpan\Thesis\report\report\chapters\preface.tex) [5


]
[6


] (C:/arpan/Thesis/report/report\thesis.toc

! LaTeX Error: Undefined color `tudelft-cyan'.

See the LaTeX manual or LaTeX Companion for explanation.
Type  H <return>  for immediate help.
 ...                                              
                                                  
l.2 ...tentsline {chapter}{Preface}{v}{chapter*.1}
                                                  
? 

! LaTeX Error: Undefined color `tudelft-cyan'.

See the LaTeX manual or LaTeX Companion for explanation.
Type  H <return>  for immediate help.
 ...                                              
                                                  
l.3 ...{\numberline {1}Introduction}{1}{chapter.1}
                                                  
? 

! LaTeX Error: Undefined color `tudelft-cyan'.

See the LaTeX manual or LaTeX Companion for explanation.
Type  H <return>  for immediate help.
 ...                                              
                                                  
l.4 ...}Conclusions and Future Work}{3}{chapter.2}
                                                  
? 

! LaTeX Error: Undefined color `tudelft-cyan'.

See the LaTeX manual or LaTeX Companion for explanation.
Type  H <return>  for immediate help.
 ...                                              
                                                  
l.5 ...umberline {2.1}Conclusions}{3}{section.2.1}
                                                  
? 

! LaTeX Error: Undefined color `tudelft-cyan'.

See the LaTeX manual or LaTeX Companion for explanation.
Type  H <return>  for immediate help.
 ...                                              
                                                  
l.6 ...umberline {2.2}Future Work}{3}{section.2.2}
                                                  
? 
)
\tf@toc=\write4
\openout4 = `thesis.toc'.

 [7

] [8

]
\openout2 = `./chapters/introduction.aux'.

 (C:/arpan\Thesis\report\report\chapters\introduction.tex
Chapter 1.

! LaTeX Error: Undefined color `tudelft-cyan'.

See the LaTeX manual or LaTeX Companion for explanation.
Type  H <return>  for immediate help.
 ...                                              
                                                  
l.3 ... total energy produced in the US \footnote{
                                                  According to value publish...

? 
) [1


]
\openout2 = `./chapters/literatureReview.aux'.

 (C:/arpan\Thesis\report\report\chapters\literatureReview.tex [2



]
Chapter 2.

Package natbib Warning: Citation `wang2010survey' on page 3 undefined on input 
line 2.


Package natbib Warning: Citation `wang2010survey' on page 3 undefined on input 
line 2.


Package natbib Warning: Citation `Hong:2013:TAS:2528282.2528302' on page 3 unde
fined on input line 8.


Package natbib Warning: Citation `fontugne2012empirical' on page 3 undefined on
 input line 8.


Package natbib Warning: Citation `fontugne2012empirical' on page 3 undefined on
 input line 8.


Package natbib Warning: Citation `Hong:2013:TAS:2528282.2528302' on page 3 unde
fined on input line 9.


Package natbib Warning: Citation `Hong:2013:TAS:2528282.2528302' on page 3 unde
fined on input line 9.


Package natbib Warning: Citation `fontugne2012empirical' on page 3 undefined on
 input line 9.


Package natbib Warning: Citation `doi:10.1061/9780784413616.226' on page 3 unde
fined on input line 10.


Package natbib Warning: Citation `doi:10.1061/9780784413616.226' on page 3 unde
fined on input line 10.


Package natbib Warning: Citation `Lu:2014:SBS:2648771.2629441' on page 3 undefi
ned on input line 10.


Package natbib Warning: Citation `Lu:2014:SBS:2648771.2629441' on page 3 undefi
ned on input line 10.


Package natbib Warning: Citation `ellis2012creating' on page 3 undefined on inp
ut line 10.


Package natbib Warning: Citation `ellis2012creating' on page 3 undefined on inp
ut line 10.

)
Underfull \vbox (badness 6078) has occurred while \output is active []

 [3]
[4]
\openout2 = `./chapters/conclusionsandfuturework.aux'.

 (C:/arpan\Thesis\report\report\chapters\conclusionsandfuturework.tex
Chapter 3.
) [5



]
No file thesis.bbl.

Package natbib Warning: There were undefined citations.

Package atveryend Info: Empty hook `BeforeClearDocument' on input line 141.
Package atveryend Info: Empty hook `AfterLastShipout' on input line 141.
(thesis.aux (frontcover.aux) (titlepage.aux) (template/graduationdata.aux)
(chapters/preface.aux) (chapters/introduction.aux)
(chapters/literatureReview.aux) (chapters/conclusionsandfuturework.aux))
Package atveryend Info: Executing hook `AtVeryEndDocument' on input line 141.
Package atveryend Info: Executing hook `AtEndAfterFileList' on input line 141.


Package rerunfilecheck Warning: File `thesis.out' has changed.
(rerunfilecheck)                Rerun to get outlines right
(rerunfilecheck)                or use package `bookmark'.

Package rerunfilecheck Info: Checksums for `thesis.out':
(rerunfilecheck)             Before: <no file>
(rerunfilecheck)             After:  FB1E189BA7D628AEE13101132BE49627;324.

LaTeX Warning: Label(s) may have changed. Rerun to get cross-references right.

Package atveryend Info: Empty hook `AtVeryVeryEnd' on input line 141.
 ) 
Here is how much of TeX's memory you used:
 7192 strings out of 493335
 106636 string characters out of 3128498
 201510 words of memory out of 3000000
 10524 multiletter control sequences out of 15000+200000
 12603 words of font info for 48 fonts, out of 3000000 for 9000
 1141 hyphenation exceptions out of 8191
 42i,8n,30p,1358b,351s stack positions out of 5000i,500n,10000p,200000b,50000s
pdfTeX warning (dest): name{section.2.2} has been referenced but does not exi
st, replaced by a fixed one

pdfTeX warning (dest): name{section.2.1} has been referenced but does not exist
, replaced by a fixed one

<C:/Users/310225961/AppData/Local/Programs/MiKTeX 2.9/fonts/type1/public/amsfon
ts/cm/cmbx10.pfb><C:/Users/310225961/AppData/Local/Programs/MiKTeX 2.9/fonts/ty
pe1/public/amsfonts/cm/cmbx12.pfb><C:/Users/310225961/AppData/Local/Programs/Mi
KTeX 2.9/fonts/type1/public/amsfonts/cm/cmr10.pfb><C:/Users/310225961/AppData/L
ocal/Programs/MiKTeX 2.9/fonts/type1/public/amsfonts/cm/cmr6.pfb><C:/Users/3102
25961/AppData/Local/Programs/MiKTeX 2.9/fonts/type1/public/amsfonts/cm/cmr8.pfb
><C:/Users/310225961/AppData/Local/Programs/MiKTeX 2.9/fonts/type1/public/amsfo
nts/cm/cmr9.pfb>
Output written on thesis.pdf (14 pages, 100437 bytes).
PDF statistics:
 112 PDF objects out of 1000 (max. 8388607)
 25 named destinations out of 1000 (max. 500000)
 1 words of extra memory for PDF output out of 10000 (max. 10000000)

