This is pdfTeX, Version 3.14159265-2.6-1.40.17 (MiKTeX 2.9 64-bit) (preloaded format=pdftex 2016.6.12)  16 JUN 2016 15:20
entering extended mode
**C:/arpan/Thesis/report/report/bib/mycollection.bib
(C:/arpan/Thesis/report/report/bib/mycollection.bib
! Missing $ inserted.
<inserted text> 
                $
<to be read again> 
                   _
l.50  issue_
            date = {November 2014},
? 
! Extra }, or forgotten $.
l.65 }
      
? 
! Missing $ inserted.
<inserted text> 
                $
<to be read again> 
                   \par 
l.66 
     
? 
)
*
(Please type a command or say `\end')
*
(Please type a command or say `\end')
*\end
[1{C:/Users/310225961/AppData/Local/MiKTeX/2.9/pdftex/config/pdftex.map}]
(\end occurred inside a group at level 1)

### simple group (level 1) entered at line 46 ({)
### bottom level<C:/Users/310225961/AppData/Local/Programs/MiKTeX 2.9/fonts/typ
e1/public/amsfonts/cm/cmmi10.pfb><C:/Users/310225961/AppData/Local/Programs/MiK
TeX 2.9/fonts/type1/public/amsfonts/cm/cmmi7.pfb><C:/Users/310225961/AppData/Lo
cal/Programs/MiKTeX 2.9/fonts/type1/public/amsfonts/cm/cmr10.pfb><C:/Users/3102
25961/AppData/Local/Programs/MiKTeX 2.9/fonts/type1/public/amsfonts/cm/cmsy10.p
fb>
Output written on mycollection.pdf (1 page, 56950 bytes).
PDF statistics:
 22 PDF objects out of 1000 (max. 8388607)
 0 named destinations out of 1000 (max. 500000)
 1 words of extra memory for PDF output out of 10000 (max. 10000000)

